<?xml version="1.0" encoding="UTF-8"?>
<testsuite name="org.apache.http.nio.integration.TestHttpAsyncHandlers" time="1.387" tests="15" errors="0" skipped="0" failures="0">
  <properties>
[...]
</properties>
  <testcase name="testHttpPostsWithContentLength" classname="org.apache.http.nio.integration.TestHttpAsyncHandlers" time="0.026"/>
  <testcase name="testHttpPostsChunked" classname="org.apache.http.nio.integration.TestHttpAsyncHandlers" time="0.017"/>
  <testcase name="testHttpPostsHTTP10" classname="org.apache.http.nio.integration.TestHttpAsyncHandlers" time="0.013"/>
  <testcase name="testHttpPostsNoEntity" classname="org.apache.http.nio.integration.TestHttpAsyncHandlers" time="0.013"/>
  <testcase name="testHttpPostNoContentLength" classname="org.apache.http.nio.integration.TestHttpAsyncHandlers" time="0.004"/>
  <testcase name="testHttpPostIdentity" classname="org.apache.http.nio.integration.TestHttpAsyncHandlers" time="0.002"/>
  <testcase name="testHttpPostsWithExpectContinue" classname="org.apache.http.nio.integration.TestHttpAsyncHandlers" time="0.019"/>
  <testcase name="testHttpPostsWithExpectationVerification" classname="org.apache.http.nio.integration.TestHttpAsyncHandlers" time="0.004"/>
  <testcase name="testHttpHeadsDelayedResponse" classname="org.apache.http.nio.integration.TestHttpAsyncHandlers" time="1.03"/>
  <testcase name="testHttpPostsWithExpectationVerificationDelayedResponse" classname="org.apache.http.nio.integration.TestHttpAsyncHandlers" time="0.211"/>
  <testcase name="testHttpExceptionInHandler" classname="org.apache.http.nio.integration.TestHttpAsyncHandlers" time="0.006"/>
  <testcase name="testNoServiceHandler" classname="org.apache.http.nio.integration.TestHttpAsyncHandlers" time="0.022"/>
  <testcase name="testResponseNoContent" classname="org.apache.http.nio.integration.TestHttpAsyncHandlers" time="0.006"/>
  <testcase name="testHttpGets" classname="org.apache.http.nio.integration.TestHttpAsyncHandlers" time="0.006"/>
  <testcase name="testHttpHeads" classname="org.apache.http.nio.integration.TestHttpAsyncHandlers" time="0.008"/>
</testsuite>